[08-Aug-2025 21:17:40 Europe/Berlin] POST data: Array
(
    [name] => Nguyễn Đức Huy
    [phone] => 0339865545
    [email] => nguyenhuy12064@gmail.com
    [address] => Hà Nội
    [password] => 123123123
)

[11-Aug-2025 21:14:41 Europe/Berlin] POST data: Array
(
    [name] => Nguyễn Đức Huy
    [phone] => 0339865545
    [email] => nguyenhuyzuka@gmai.com
    [address] => hà nội
    [password] => 123123123
)

[13-Aug-2025 06:52:11 Europe/Berlin] POST data: Array
(
    [name] => Quỳnh Thư
    [phone] => 0123456789
    [email] => quynhthu@gmail.com
    [address] => Hà Nội
    [password] => 123123123
)

[13-Aug-2025 07:54:59 Europe/Berlin] POST data: Array
(
    [name] => Nguyễn Đức Huy
    [phone] => 0339865545
    [email] => kh1@gmail.com
    [address] => Hà Nội
    [password] => 123123123
)

[13-Aug-2025 08:04:07 Europe/Berlin] POST data: Array
(
    [name] => đức huy
    [phone] => 0339865545
    [email] => kh1@gmail.com
    [address] => Hà Nội
    [password] => 123123123
)

[13-Aug-2025 08:12:31 Europe/Berlin] POST data: Array
(
    [name] => Nguyễn Đức Huy
    [phone] => 0339865545
    [email] => nv1@gmail.com
    [address] => Hà Nội
    [password] => 123123123
)

[13-Aug-2025 10:10:39 Europe/Berlin] POST data: Array
(
    [name] => Nguyễn Đức Huy
    [phone] => 0339865545
    [email] => kh1@gmail.com
    [address] => Hà Nội
    [password] => 123123123
)

[13-Aug-2025 18:59:33 Europe/Berlin] POST data: Array
(
    [name] => Nguyễn Đức Huy
    [phone] => 0339865545
    [email] => kh1@gmail.com
    [address] => Hà Nội
    [password] => 123123123
)

